\BOOKMARK [1][-]{section.1}{\376\377\000S\000y\000m\000u\000l\000a\000c\000j\000a\000\040\000c\000i\001\005\000g\000\363\000w\000\040\000p\000s\000e\000u\000d\000o\000l\000o\000s\000o\000w\000y\000c\000h\000,\000\040\000i\000c\000h\000\040\000f\000i\000l\000t\000r\000a\000c\000j\000a\000\040\000i\000\040\000a\000n\000a\000l\000i\000z\000a}{}% 1
\BOOKMARK [1][-]{section.2}{\376\377\000L\000i\000t\000e\000r\000a\000t\000u\000r\000a}{}% 2
\BOOKMARK [1][-]{section.3}{\376\377\000W\000s\000t\001\031\000p}{}% 3
\BOOKMARK [2][-]{subsection.3.1}{\376\377\000I\000m\000p\000o\000r\000t\000o\000w\000a\000n\000i\000e\000\040\000p\000o\000t\000r\000z\000e\000b\000n\000y\000c\000h\000\040\000b\000i\000b\000l\000i\000o\000t\000e\000k}{section.3}% 4
\BOOKMARK [2][-]{subsection.3.2}{\376\377\0001\000.\000\040\000S\000y\000m\000u\000l\000a\000c\000j\000a\000\040\000s\000z\000u\000m\000u\000\040\000b\000i\000a\001\102\000e\000g\000o\000\040\000o\000\040\000r\000o\000z\000k\001\102\000a\000d\000z\000i\000e\000\040\000n\000o\000r\000m\000l\000a\000n\000y\000m\000\040\000N\000\050\0005\000,\000\040\0000\000.\0001\000\051\000.}{section.3}% 5
\BOOKMARK [3][-]{subsubsection.3.2.1}{\376\377\000W\000y\000t\000w\000o\000r\000z\000e\000n\000i\000e\000\040\000s\000z\000u\000m\000u\000\040\000b\000i\000a\001\102\000e\000g\000o\000\040\000o\000\040\000r\000o\000z\000k\001\102\000a\000d\000z\000i\000e\000\040\000G\000a\000s\000s\000o\000w\000s\000k\000i\000m}{subsection.3.2}% 6
\BOOKMARK [3][-]{subsubsection.3.2.2}{\376\377\000W\000y\001\133\000w\000i\000e\000t\000l\000e\000n\000i\000e\000\040\000h\000i\000s\000t\000o\000g\000r\000a\000m\000u\000\040\000s\000z\000u\000m\000u\000\040\000b\000i\000a\001\102\000e\000g\000o\000\040\000o\000\040\000c\000h\000a\000r\000a\000k\000t\000e\000r\000z\000e\000\040\000G\000a\000u\000s\000s\000o\000w\000s\000k\000i\000m\000\040\000d\000l\000a\000\040\000r\000\363\000z\000n\000y\000c\000h\000\040\000k}{subsection.3.2}% 7
\BOOKMARK [2][-]{subsection.3.3}{\376\377\0002\000.\000\040\000N\000a\000\040\000p\000o\000d\000s\000t\000a\000w\000i\000e\000\040\000o\000t\000r\000z\000y\000m\000a\000n\000e\000g\000o\000\040\000c\000i\001\005\000g\000u\000\040\000o\000b\000l\000i\000c\000z\000y\001\007\000\040\000g\001\031\000s\000t\000o\001\133\001\007\000\040\000p\000r\000a\000w\000d\000o\000p\000o\000d\000o\000b\000i\000e\001\104\000s\000t\000w\000t\000a\000,\000\040\000d\000y\000s\000t\000r\000y\000b\000u\000a\000n\000t\001\031\000,\000\040\000a\000\040\000t\000e\001\174\000\040\000w\000a\000r\000t\000o\001\133\001\007\000\040\000o\000c\000z\000e\000k\000i\000w\000a\000n\000,\000\040\000w\000a\000r\000i\000a\000n\000c\000j\001\031\000\040\000i\000\040\000f\000u\000n\000k\000c\000j\001\031\000\040\000k\000o\000w\000a\000r\000i\000a\000n\000c\000y\000j\000n\001\005\000.}{section.3}% 8
\BOOKMARK [3][-]{subsubsection.3.3.1}{\376\377\000O\000b\000l\000i\000c\000z\000e\000n\000i\000e\000\040\000g\001\031\000s\000t\000o\001\133\000c\000i\000\040\000p\000r\000a\000w\000d\000o\000p\000o\000d\000o\000b\000i\000e\001\104\000s\000t\000w\000a}{subsection.3.3}% 9
\BOOKMARK [3][-]{subsubsection.3.3.2}{\376\377\000O\000b\000l\000i\000c\000z\000e\000n\000i\000e\000\040\000d\000y\000s\000t\000r\000y\000b\000u\000a\000n\000t\000y}{subsection.3.3}% 10
\BOOKMARK [3][-]{subsubsection.3.3.3}{\376\377\000O\000b\000l\000i\000c\000z\000e\000n\000i\000e\000\040\000w\000a\000r\000t\000o\001\133\000c\000i\000\040\000o\000c\000z\000e\000k\000i\000w\000a\000n\000e\000j}{subsection.3.3}% 11
\BOOKMARK [3][-]{subsubsection.3.3.4}{\376\377\000O\000b\000l\000i\000c\000z\000e\000n\000i\000e\000\040\000w\000a\000r\000i\000a\000n\000c\000j\000i}{subsection.3.3}% 12
\BOOKMARK [3][-]{subsubsection.3.3.5}{\376\377\000O\000b\000l\000i\000c\000z\000e\000n\000i\000e\000\040\000f\000u\000n\000k\000c\000j\000i\000\040\000k\000o\000w\000a\000r\000i\000a\000n\000c\000y\000j\000n\000e\000j}{subsection.3.3}% 13
\BOOKMARK [2][-]{subsection.3.4}{\376\377\0003\000.\000\040\000P\000r\000z\000e\000p\000r\000o\000w\000a\000d\000z\000i\001\007\000\040\000f\000i\000l\000t\000r\000a\000c\000j\001\031\000\040\000d\000a\000n\000y\000c\000h\000\040\000z\000\040\000w\000y\000k\000o\000r\000z\000y\000s\000t\000a\000n\000i\000e\000m\000\040\000f\000i\000l\000t\000r\000u\000\040\000d\000o\000l\000n\000o\000p\000r\000z\000e\000p\000u\000s\000t\000o\000w\000e\000g\000o\000\040\000F\000I\000R\000\040\000\050\000S\000O\000J\000\051\000\040\000o\000\040\000r\000\363\001\174\000n\000y\000c\000h\000\040\000p\000a\000r\000a\000m\000e\000t\000r\000a\000c\000h}{section.3}% 14
\BOOKMARK [3][-]{subsubsection.3.4.1}{\376\377\000D\000l\000a\000\040\000k\000=\0001\0000\000\136\000\050\0003\000\051}{subsection.3.4}% 15
\BOOKMARK [3][-]{subsubsection.3.4.2}{\376\377\000D\000l\000a\000\040\000k\000=\0001\0000\000\136\000\050\0004\000\051}{subsection.3.4}% 16
\BOOKMARK [3][-]{subsubsection.3.4.3}{\376\377\000D\000l\000a\000\040\000k\000=\0001\0000\000\136\000\050\0005\000\051}{subsection.3.4}% 17
\BOOKMARK [3][-]{subsubsection.3.4.4}{\376\377\000D\000l\000a\000\040\000k\000=\0001\0000\000\136\000\050\0006\000\051}{subsection.3.4}% 18
\BOOKMARK [2][-]{subsection.3.5}{\376\377\0004\000.\000\040\000O\000b\000l\000i\000c\000z\000y\001\007\000\040\000g\001\031\000s\000t\000o\001\133\001\007\000\040\000p\000r\000a\000w\000d\000o\000p\000o\000d\000o\000b\000i\000e\001\104\000s\000t\000w\000a\000,\000\040\000d\000y\000s\000t\000r\000y\000b\000u\000a\000n\000t\001\031\000,\000\040\000a\000\040\000t\000e\001\174\000\040\000w\000a\000r\000t\000o\001\133\001\007\000\040\000o\000c\000z\000e\000k\000i\000w\000a\000n\001\005\000,\000\040\000w\000a\000r\000i\000a\000n\000c\000j\001\031\000\040\000i\000\040\000f\000u\000n\000k\000c\000j\001\031\000\040\000k\000o\000w\000a\000r\000i\000a\000n\000c\000y\000j\000n\001\005\000\040\000s\000y\000g\000n\000a\001\102\000u\000\040\000w\000y\000j\001\133\000c\000i\000o\000w\000e\000g\000o\000.\000\040\000P\000o\000r\000\363\000w\000n\000a\001\007\000\040\000w\000y\000n\000i\000k\000i\000\040\000z\000\040\000p\000\040\0002\000.}{section.3}% 19
\BOOKMARK [3][-]{subsubsection.3.5.1}{\376\377\000O\000b\000l\000i\000c\000z\000e\000n\000i\000e\000\040\000g\001\031\000s\000t\000o\001\133\000c\000i\000\040\000p\000r\000a\000w\000d\000o\000p\000o\000d\000o\000b\000i\000e\001\104\000s\000t\000w\000a}{subsection.3.5}% 20
\BOOKMARK [3][-]{subsubsection.3.5.2}{\376\377\000O\000b\000l\000i\000c\000z\000e\000n\000i\000e\000\040\000d\000y\000s\000t\000r\000y\000b\000u\000a\000n\000t\000y}{subsection.3.5}% 21
\BOOKMARK [3][-]{subsubsection.3.5.3}{\376\377\000O\000b\000l\000i\000c\000z\000e\000n\000i\000e\000\040\000w\000a\000r\000t\000o\001\133\000c\000i\000\040\000o\000c\000z\000e\000k\000i\000w\000a\000n\000e\000j}{subsection.3.5}% 22
\BOOKMARK [3][-]{subsubsection.3.5.4}{\376\377\000O\000b\000l\000i\000c\000z\000e\000n\000i\000e\000\040\000w\000a\000r\000i\000a\000n\000c\000j\000i}{subsection.3.5}% 23
\BOOKMARK [3][-]{subsubsection.3.5.5}{\376\377\000O\000b\000l\000i\000c\000z\000e\000n\000i\000e\000\040\000f\000u\000n\000k\000c\000j\000i\000\040\000k\000o\000w\000a\000r\000i\000a\000n\000c\000y\000j\000n\000e\000j}{subsection.3.5}% 24
